<?xml version="1.0" encoding="UTF-8"?>
<!-- Generated by org.testng.reporters.JUnitReportReporter -->
<testsuite ignored="0" hostname="AmerkhanPC" failures="0" tests="1" name="com.LearnAutomation.testcases.LoginTestCRM" time="5.871" errors="0" timestamp="04 Oct 2024 12:52:45 GMT" skipped="0">
  <testcase classname="com.LearnAutomation.testcases.LoginTestCRM" name="startApp" time="5.871"/>
</testsuite> <!-- com.LearnAutomation.testcases.LoginTestCRM -->
