<?xml version="1.0" encoding="UTF-8"?>
<!-- Generated by org.testng.reporters.JUnitReportReporter -->
<testsuite ignored="0" hostname="AmerkhanPC" failures="0" tests="1" name="com.LearnAutomation.testcases.LoginTestOrangeHRM" time="6.740" errors="0" timestamp="15 Oct 2024 04:15:24 GMT" skipped="0">
  <testcase classname="com.LearnAutomation.testcases.LoginTestOrangeHRM" name="startApp" time="6.740"/>
</testsuite> <!-- com.LearnAutomation.testcases.LoginTestOrangeHRM -->
